INFO:root:Attempting to claim tokens...
ERROR:root:An error occurred while claiming tokens: type object 'Web3' has no attribute 'toWei'
INFO:root:Attempting to claim tokens...
ERROR:root:An error occurred while claiming tokens: type object 'Web3' has no attribute 'toWei'
INFO:root:Attempting to claim tokens...
ERROR:root:An error occurred while claiming tokens: type object 'Web3' has no attribute 'toWei'
INFO:root:Attempting to claim tokens...
ERROR:root:An error occurred while claiming tokens: type object 'Web3' has no attribute 'toWei'
INFO:root:Attempting to claim tokens...
ERROR:root:An error occurred while claiming tokens: type object 'Web3' has no attribute 'toWei'
INFO:root:Attempting to claim tokens...
ERROR:root:An error occurred while claiming tokens: type object 'Web3' has no attribute 'toWei'
INFO:root:Attempting to claim tokens...
ERROR:root:An error occurred while claiming tokens: type object 'Web3' has no attribute 'toWei'
INFO:root:Attempting to claim tokens...
ERROR:root:An error occurred while claiming tokens: 'Eth' object has no attribute 'getTransactionCount'
INFO:root:Attempting to claim tokens...
ERROR:root:An error occurred while claiming tokens: 'Eth' object has no attribute 'getTransactionCount'
INFO:root:Attempting to claim tokens...
ERROR:root:An error occurred while claiming tokens: 'Eth' object has no attribute 'getTransactionCount'
INFO:root:Attempting to claim tokens...
ERROR:root:An error occurred while claiming tokens: 'Eth' object has no attribute 'getTransactionCount'
INFO:root:Attempting to claim tokens...
ERROR:root:An error occurred while claiming tokens: 'Eth' object has no attribute 'getTransactionCount'
INFO:root:Attempting to claim tokens...
ERROR:root:An error occurred while claiming tokens: 'Eth' object has no attribute 'getTransactionCount'
INFO:root:Attempting to claim tokens...
ERROR:root:An error occurred while claiming tokens: type object 'Account' has no attribute 'privateKeyToAccount'
INFO:root:Attempting to claim tokens...
ERROR:root:An error occurred while claiming tokens: type object 'Account' has no attribute 'privateKeyToAccount'
INFO:root:Attempting to claim tokens...
ERROR:root:An error occurred while claiming tokens: type object 'Account' has no attribute 'privateKeyToAccount'
INFO:root:Attempting to claim tokens...
ERROR:root:An error occurred while claiming tokens: type object 'Account' has no attribute 'privateKeyToAccount'
INFO:root:Attempting to claim tokens...
ERROR:root:An error occurred while claiming tokens: type object 'Account' has no attribute 'privateKeyToAccount'
INFO:root:Attempting to claim tokens...
ERROR:root:An error occurred while claiming tokens: type object 'Account' has no attribute 'privateKeyToAccount'
INFO:root:Attempting to claim tokens...
ERROR:root:An error occurred while claiming tokens: type object 'Account' has no attribute 'privateKeyToAccount'
INFO:root:Attempting to claim tokens...
ERROR:root:An error occurred while claiming tokens: type object 'Account' has no attribute 'privateKeyToAccount'
INFO:root:Attempting to claim tokens...
ERROR:root:An error occurred while claiming tokens: 'Eth' object has no attribute 'getTransactionCount'
INFO:root:Attempting to claim tokens...
ERROR:root:An error occurred while claiming tokens: 'Eth' object has no attribute 'getTransactionCount'
INFO:root:Attempting to claim tokens...
ERROR:root:An error occurred while claiming tokens: 'Eth' object has no attribute 'getTransactionCount'
INFO:root:Attempting to claim tokens...
ERROR:root:An error occurred while claiming tokens: 'Eth' object has no attribute 'getTransactionCount'
INFO:root:Attempting to claim tokens...
ERROR:root:An error occurred while claiming tokens: 'Eth' object has no attribute 'getTransactionCount'
INFO:root:Attempting to claim tokens...
ERROR:root:An error occurred while claiming tokens: 'Eth' object has no attribute 'getTransactionCount'
INFO:root:Attempting to claim tokens...
ERROR:root:An error occurred while claiming tokens: 'Eth' object has no attribute 'getTransactionCount'
INFO:root:Attempting to claim tokens...
ERROR:root:An error occurred while claiming tokens: 'Eth' object has no attribute 'getTransactionCount'
INFO:root:Attempting to claim tokens...
ERROR:root:An error occurred while claiming tokens: 'Eth' object has no attribute 'getTransactionCount'
INFO:root:Attempting to claim tokens...
ERROR:root:An error occurred while claiming tokens: 'Eth' object has no attribute 'getTransactionCount'
INFO:root:Attempting to claim tokens...
INFO:root:Token claim successful!
INFO:root:Attempting to claim tokens...
INFO:root:Token claim successful!
INFO:root:Attempting to claim tokens...
INFO:root:Token claim successful!
INFO:root:Attempting to claim tokens...
INFO:root:Token claim successful!
INFO:root:Attempting to claim tokens...
INFO:root:Token claim successful!
INFO:root:Attempting to claim tokens...
INFO:root:Token claim successful!
INFO:root:Attempting to claim tokens...
INFO:root:Token claim successful!
INFO:root:Attempting to claim tokens...
INFO:root:Token claim successful!
INFO:root:Attempting to claim tokens...
INFO:root:Token claim successful!
INFO:root:Attempting to claim tokens...
INFO:root:Token claim successful!
INFO:root:Attempting to claim tokens...
INFO:root:Token claim successful!
INFO:root:Attempting to claim tokens...
INFO:root:Token claim successful!
INFO:root:Attempting to claim tokens...
INFO:root:Token claim successful!
INFO:root:Token claim successful!
INFO:root:Attempting to claim tokens...
INFO:root:Token claim successful!
INFO:root:Token claim successful!
INFO:root:Attempting to claim tokens...
INFO:root:Token claim successful!
INFO:root:Token claim successful!
INFO:root:Attempting to claim tokens...
INFO:root:Token claim successful!
INFO:root:Token claim successful!
INFO:root:Attempting to claim tokens...
INFO:root:Token claim successful!
INFO:root:Token claim successful!
INFO:root:Attempting to claim tokens...
INFO:root:Token claim successful!
INFO:root:Token claim successful!
INFO:root:Attempting to claim tokens...
INFO:root:Token claim successful!
INFO:root:Token claim successful!
INFO:root:Attempting to claim tokens...
INFO:root:Token claim successful!
INFO:root:Token claim successful!
INFO:root:Attempting to claim tokens...
INFO:root:Token claim successful!
INFO:root:Token claim successful!
INFO:root:Attempting to claim tokens...
INFO:root:Token claim successful!
INFO:root:Token claim successful!
INFO:root:Attempting to claim tokens...
INFO:root:Token claim successful!
INFO:root:Token claim successful!
INFO:root:Attempting to claim tokens...
INFO:root:Token claim successful!
INFO:root:Token claim successful!
INFO:root:Attempting to claim tokens...
INFO:root:Token claim successful!
INFO:root:Token claim successful!
INFO:root:Attempting to claim tokens...
INFO:root:Token claim successful!
INFO:root:Token claim successful!
INFO:root:Attempting to claim tokens...
INFO:root:Token claim successful!
INFO:root:Token claim successful!
INFO:root:Attempting to claim tokens...
INFO:root:Token claim successful!
INFO:root:Token claim successful!
INFO:root:Attempting to claim tokens...
INFO:root:Token claim successful!
INFO:root:Token claim successful!
INFO:root:Attempting to claim tokens...
INFO:root:Token claim successful!
INFO:root:Token claim successful!
INFO:root:Attempting to claim tokens...
INFO:root:Token claim successful!
INFO:root:Token claim successful!
INFO:root:Attempting to claim tokens...
INFO:root:Token claim successful!
INFO:root:Token claim successful!
INFO:root:Attempting to claim tokens...
INFO:root:Token claim successful!
INFO:root:Token claim successful for token: TRY with value: 10
INFO:root:Attempting to claim tokens...
INFO:root:Token claim successful!
INFO:root:Token claim successful for token: REGEN with value: 4072
INFO:root:Attempting to claim tokens...
INFO:root:Token claim successful!
INFO:root:Token claim successful for token: \U0001f3a9DOGE\U0001f3a9 with value: 100
INFO:root:Attempting to claim tokens...
INFO:root:Token claim successful!
INFO:root:Token claim successful for token: DELON with value: 10000
INFO:root:Attempting to claim tokens...
INFO:root:Token claim successful!
INFO:root:Token claim successful for token: TOBY with value: 100
INFO:root:Attempting to claim tokens...
INFO:root:Token claim successful!
INFO:root:Token claim successful for token: \U0001f3a9DOGE\U0001f3a9 with value: 100
INFO:root:Attempting to claim tokens...
INFO:root:Token claim successful!
INFO:root:Token claim successful for token: DKWON with value: 1000
INFO:root:Attempting to claim tokens...
INFO:root:Token claim successful!
INFO:root:Token claim successful for token: DKWON with value: 500
INFO:root:Attempting to claim tokens...
INFO:root:Token claim successful!
INFO:root:Token claim successful for token: DECAT with value: 500
INFO:root:Attempting to claim tokens...
INFO:root:Token claim successful!
INFO:root:Token claim successful for token: TRY with value: 10
INFO:root:Attempting to claim tokens...
INFO:root:Token claim successful!
INFO:root:Token claim successful for token: REGEN with value: 4072
INFO:root:Attempting to claim tokens...
INFO:root:Token claim successful!
INFO:root:Token claim successful for token: \U0001f3a9DOGE\U0001f3a9 with value: 100
INFO:root:Attempting to claim tokens...
INFO:root:Token claim successful!
INFO:root:Token claim successful for token: DELON with value: 10000
INFO:root:Attempting to claim tokens...
INFO:root:Token claim successful!
INFO:root:Token claim successful for token: TOBY with value: 100
INFO:root:Attempting to claim tokens...
INFO:root:Token claim successful!
INFO:root:Token claim successful for token: \U0001f3a9DOGE\U0001f3a9 with value: 100
INFO:root:Attempting to claim tokens...
INFO:root:Token claim successful!
INFO:root:Token claim successful for token: DKWON with value: 1000
INFO:root:Attempting to claim tokens...
INFO:root:Token claim successful!
INFO:root:Token claim successful for token: DKWON with value: 500
INFO:root:Attempting to claim tokens...
INFO:root:Token claim successful!
INFO:root:Token claim successful for token: DECAT with value: 500
INFO:root:Attempting to claim tokens...
INFO:root:Token claim successful!
INFO:root:Token claim successful for token: TRY with value: 10
INFO:root:Attempting to claim tokens...
INFO:root:Token claim successful!
INFO:root:Token claim successful for token: REGEN with value: 4072
INFO:root:Attempting to claim tokens...
INFO:root:Token claim successful!
INFO:root:Token claim successful for token: \U0001f3a9DOGE\U0001f3a9 with value: 100
INFO:root:Attempting to claim tokens...
INFO:root:Token claim successful!
INFO:root:Token claim successful for token: DELON with value: 10000
INFO:root:Attempting to claim tokens...
INFO:root:Token claim successful!
INFO:root:Token claim successful for token: TOBY with value: 100
INFO:root:Attempting to claim tokens...
INFO:root:Token claim successful!
INFO:root:Token claim successful for token: \U0001f3a9DOGE\U0001f3a9 with value: 100
INFO:root:Attempting to claim tokens...
INFO:root:Token claim successful!
INFO:root:Token claim successful for token: DKWON with value: 1000
INFO:root:Attempting to claim tokens...
INFO:root:Token claim successful!
INFO:root:Token claim successful for token: DKWON with value: 500
INFO:root:Attempting to claim tokens...
INFO:root:Token claim successful!
INFO:root:Token claim successful for token: DECAT with value: 500
INFO:root:Attempting to claim tokens...
INFO:root:Token claim successful!
INFO:root:Token claim successful for token: TRY with value: 10
INFO:root:Attempting to claim tokens...
INFO:root:Token claim successful!
INFO:root:Token claim successful for token: REGEN with value: 4072
INFO:root:Attempting to claim tokens...
INFO:root:Token claim successful!
INFO:root:Token claim successful for token: \U0001f3a9DOGE\U0001f3a9 with value: 100
INFO:root:Attempting to claim tokens...
INFO:root:Token claim successful!
INFO:root:Token claim successful for token: DELON with value: 10000
INFO:root:Attempting to claim tokens...
INFO:root:Token claim successful!
INFO:root:Token claim successful for token: TOBY with value: 100
INFO:root:Attempting to claim tokens...
INFO:root:Token claim successful!
INFO:root:Token claim successful for token: \U0001f3a9DOGE\U0001f3a9 with value: 100
INFO:root:Attempting to claim tokens...
INFO:root:Token claim successful!
INFO:root:Token claim successful for token: DKWON with value: 1000
INFO:root:Attempting to claim tokens...
INFO:root:Token claim successful!
INFO:root:Token claim successful for token: DKWON with value: 500
INFO:root:Attempting to claim tokens...
INFO:root:Token claim successful!
INFO:root:Token claim successful for token: DECAT with value: 500
INFO:root:Attempting to claim tokens...
INFO:root:Token claim successful!
INFO:root:Token claim successful for token: TRY with value: 10
INFO:root:Attempting to claim tokens...
INFO:root:Token claim successful!
INFO:root:Token claim successful for token: REGEN with value: 4072
INFO:root:Attempting to claim tokens...
INFO:root:Token claim successful!
INFO:root:Token claim successful for token: \U0001f3a9DOGE\U0001f3a9 with value: 100
INFO:root:Attempting to claim tokens...
INFO:root:Token claim successful!
INFO:root:Token claim successful for token: DELON with value: 10000
INFO:root:Attempting to claim tokens...
INFO:root:Token claim successful!
INFO:root:Token claim successful for token: TOBY with value: 100
INFO:root:Attempting to claim tokens...
INFO:root:Token claim successful!
INFO:root:Token claim successful for token: \U0001f3a9DOGE\U0001f3a9 with value: 100
INFO:root:Attempting to claim tokens...
INFO:root:Token claim successful!
INFO:root:Token claim successful for token: DKWON with value: 1000
INFO:root:Attempting to claim tokens...
INFO:root:Token claim successful!
INFO:root:Token claim successful for token: DKWON with value: 500
INFO:root:Attempting to claim tokens...
INFO:root:Token claim successful!
INFO:root:Token claim successful for token: \U0001f3a9DOGE\U0001f3a9 with value: 100
INFO:root:Attempting to claim tokens...
INFO:root:Token claim successful!
INFO:root:Token claim successful for token: DECAT with value: 500
INFO:root:Attempting to claim tokens...
INFO:root:Token claim successful!
INFO:root:Token claim successful for token: TRY with value: 10
INFO:root:Attempting to claim tokens...
INFO:root:Token claim successful!
INFO:root:Token claim successful for token: REGEN with value: 4072
INFO:root:Attempting to claim tokens...
INFO:root:Token claim successful!
INFO:root:Token claim successful for token: \U0001f3a9DOGE\U0001f3a9 with value: 100
INFO:root:Attempting to claim tokens...
INFO:root:Token claim successful!
INFO:root:Token claim successful for token: DELON with value: 10000
INFO:root:Attempting to claim tokens...
INFO:root:Token claim successful!
INFO:root:Token claim successful for token: TOBY with value: 100
INFO:root:Attempting to claim tokens...
INFO:root:Token claim successful!
INFO:root:Token claim successful for token: \U0001f3a9DOGE\U0001f3a9 with value: 100
INFO:root:Attempting to claim tokens...
INFO:root:Token claim successful!
INFO:root:Token claim successful for token: DKWON with value: 500
INFO:root:Attempting to claim tokens...
INFO:root:Token claim successful!
INFO:root:Token claim successful for token: DKWON with value: 1000
INFO:root:Attempting to claim tokens...
INFO:root:Token claim successful!
INFO:root:Token claim successful for token: \U0001f3a9DOGE\U0001f3a9 with value: 100
INFO:root:Attempting to claim tokens...
INFO:root:Token claim successful!
INFO:root:Token claim successful for token: DECAT with value: 500
